{"D:\\projects\\nocturno.bak\\tests\\controllers\\controllers.tests.js":{"path":"D:\\projects\\nocturno.bak\\tests\\controllers\\controllers.tests.js","s":{"1":1,"2":0,"3":0,"4":0,"5":0,"6":0,"7":0,"8":0,"9":0,"10":0,"11":0,"12":0,"13":0,"14":0,"15":0,"16":0,"17":0,"18":0},"b":{},"f":{"1":0,"2":0,"3":0,"4":0,"5":0,"6":0},"fnMap":{"1":{"name":"(anonymous_1)","line":4,"loc":{"start":{"line":4,"column":24},"end":{"line":4,"column":34}}},"2":{"name":"(anonymous_2)","line":10,"loc":{"start":{"line":10,"column":20},"end":{"line":10,"column":54}}},"3":{"name":"(anonymous_3)","line":16,"loc":{"start":{"line":16,"column":44},"end":{"line":16,"column":54}}},"4":{"name":"(anonymous_4)","line":21,"loc":{"start":{"line":21,"column":41},"end":{"line":21,"column":51}}},"5":{"name":"(anonymous_5)","line":26,"loc":{"start":{"line":26,"column":31},"end":{"line":26,"column":41}}},"6":{"name":"(anonymous_6)","line":31,"loc":{"start":{"line":31,"column":33},"end":{"line":31,"column":43}}}},"statementMap":{"1":{"start":{"line":4,"column":0},"end":{"line":36,"column":3}},"2":{"start":{"line":5,"column":2},"end":{"line":5,"column":12}},"3":{"start":{"line":8,"column":2},"end":{"line":8,"column":44}},"4":{"start":{"line":10,"column":2},"end":{"line":13,"column":6}},"5":{"start":{"line":11,"column":4},"end":{"line":11,"column":30}},"6":{"start":{"line":12,"column":4},"end":{"line":12,"column":48}},"7":{"start":{"line":16,"column":2},"end":{"line":19,"column":5}},"8":{"start":{"line":17,"column":4},"end":{"line":17,"column":26}},"9":{"start":{"line":18,"column":4},"end":{"line":18,"column":55}},"10":{"start":{"line":21,"column":2},"end":{"line":24,"column":5}},"11":{"start":{"line":22,"column":4},"end":{"line":22,"column":25}},"12":{"start":{"line":23,"column":4},"end":{"line":23,"column":56}},"13":{"start":{"line":26,"column":2},"end":{"line":29,"column":5}},"14":{"start":{"line":27,"column":4},"end":{"line":27,"column":37}},"15":{"start":{"line":28,"column":4},"end":{"line":28,"column":52}},"16":{"start":{"line":31,"column":2},"end":{"line":34,"column":5}},"17":{"start":{"line":32,"column":4},"end":{"line":32,"column":33}},"18":{"start":{"line":33,"column":4},"end":{"line":33,"column":53}}},"branchMap":{}}}